This file contains any messages produced by compilers while
running configure, to aid debugging if configure makes a mistake.

It was created by v4l-utils configure 1.10.0, which was
generated by GNU Autoconf 2.69.  Invocation command line was

  $ ./configure --build=aarch64-linux-gnu --prefix=/usr --includedir=${prefix}/include --mandir=${prefix}/share/man --infodir=${prefix}/share/info --sysconfdir=/etc --localstatedir=/var --disable-silent-rules --libdir=${prefix}/lib/aarch64-linux-gnu --libexecdir=${prefix}/lib/aarch64-linux-gnu --disable-maintainer-mode --disable-dependency-tracking --disable-silent-rules --with-libv4lconvertsubdir=libv4lconvert0 --with-libudev --enable-doxygen-man --disable-doxygen-ps --disable-doxygen-pdf

## --------- ##
## Platform. ##
## --------- ##

hostname = tegra-ubuntu
uname -m = aarch64
uname -r = 4.4.38-tegra
uname -s = Linux
uname -v = #1 SMP PREEMPT Thu Jul 20 00:41:06 PDT 2017

/usr/bin/uname -p = unknown
/bin/uname -X     = unknown

/bin/arch              = unknown
/usr/bin/arch -k       = unknown
/usr/convex/getsysinfo = unknown
/usr/bin/hostinfo      = unknown
/bin/machine           = unknown
/usr/bin/oslevel       = unknown
/bin/universe          = unknown

PATH: /usr/local/cuda-8.0/bin
PATH: /usr/local/sbin
PATH: /usr/local/bin
PATH: /usr/sbin
PATH: /usr/bin
PATH: /sbin
PATH: /bin
PATH: /snap/bin


## ----------- ##
## Core tests. ##
## ----------- ##

configure:2768: checking for gcc
configure:2784: found /usr/bin/gcc
configure:2795: result: gcc
configure:3024: checking for C compiler version
configure:3033: gcc --version >&5
gcc (Ubuntu/Linaro 5.4.0-6ubuntu1~16.04.9) 5.4.0 20160609
Copyright (C) 2015 Free Software Foundation, Inc.
This is free software; see the source for copying conditions.  There is NO
warranty; not even for MERCHANTABILITY or FITNESS FOR A PARTICULAR PURPOSE.

configure:3044: $? = 0
configure:3033: gcc -v >&5
Using built-in specs.
COLLECT_GCC=gcc
COLLECT_LTO_WRAPPER=/usr/lib/gcc/aarch64-linux-gnu/5/lto-wrapper
Target: aarch64-linux-gnu
Configured with: ../src/configure -v --with-pkgversion='Ubuntu/Linaro 5.4.0-6ubuntu1~16.04.9' --with-bugurl=file:///usr/share/doc/gcc-5/README.Bugs --enable-languages=c,ada,c++,java,go,d,fortran,objc,obj-c++ --prefix=/usr --program-suffix=-5 --enable-shared --enable-linker-build-id --libexecdir=/usr/lib --without-included-gettext --enable-threads=posix --libdir=/usr/lib --enable-nls --with-sysroot=/ --enable-clocale=gnu --enable-libstdcxx-debug --enable-libstdcxx-time=yes --with-default-libstdcxx-abi=new --enable-gnu-unique-object --disable-libquadmath --enable-plugin --with-system-zlib --disable-browser-plugin --enable-java-awt=gtk --enable-gtk-cairo --with-java-home=/usr/lib/jvm/java-1.5.0-gcj-5-arm64/jre --enable-java-home --with-jvm-root-dir=/usr/lib/jvm/java-1.5.0-gcj-5-arm64 --with-jvm-jar-dir=/usr/lib/jvm-exports/java-1.5.0-gcj-5-arm64 --with-arch-directory=aarch64 --with-ecj-jar=/usr/share/java/eclipse-ecj.jar --enable-multiarch --enable-fix-cortex-a53-843419 --disable-werror --enable-checking=release --build=aarch64-linux-gnu --host=aarch64-linux-gnu --target=aarch64-linux-gnu
Thread model: posix
gcc version 5.4.0 20160609 (Ubuntu/Linaro 5.4.0-6ubuntu1~16.04.9) 
configure:3044: $? = 0
configure:3033: gcc -V >&5
gcc: error: unrecognized command line option '-V'
gcc: fatal error: no input files
compilation terminated.
configure:3044: $? = 1
configure:3033: gcc -qversion >&5
gcc: error: unrecognized command line option '-qversion'
gcc: fatal error: no input files
compilation terminated.
configure:3044: $? = 1
configure:3064: checking whether the C compiler works
configure:3086: gcc -g -O2 -fstack-protector-strong -Wformat -Werror=format-security -Wdate-time -D_FORTIFY_SOURCE=2 -Wl,-Bsymbolic-functions -Wl,-z,relro conftest.c  >&5
configure:3090: $? = 0
configure:3138: result: yes
configure:3141: checking for C compiler default output file name
configure:3143: result: a.out
configure:3149: checking for suffix of executables
configure:3156: gcc -o conftest -g -O2 -fstack-protector-strong -Wformat -Werror=format-security -Wdate-time -D_FORTIFY_SOURCE=2 -Wl,-Bsymbolic-functions -Wl,-z,relro conftest.c  >&5
configure:3160: $? = 0
configure:3182: result: 
configure:3204: checking whether we are cross compiling
configure:3212: gcc -o conftest -g -O2 -fstack-protector-strong -Wformat -Werror=format-security -Wdate-time -D_FORTIFY_SOURCE=2 -Wl,-Bsymbolic-functions -Wl,-z,relro conftest.c  >&5
configure:3216: $? = 0
configure:3223: ./conftest
configure:3227: $? = 0
configure:3242: result: no
configure:3247: checking for suffix of object files
configure:3269: gcc -c -g -O2 -fstack-protector-strong -Wformat -Werror=format-security -Wdate-time -D_FORTIFY_SOURCE=2 conftest.c >&5
configure:3273: $? = 0
configure:3294: result: o
configure:3298: checking whether we are using the GNU C compiler
configure:3317: gcc -c -g -O2 -fstack-protector-strong -Wformat -Werror=format-security -Wdate-time -D_FORTIFY_SOURCE=2 conftest.c >&5
configure:3317: $? = 0
configure:3326: result: yes
configure:3335: checking whether gcc accepts -g
configure:3355: gcc -c -g -Wdate-time -D_FORTIFY_SOURCE=2 conftest.c >&5
configure:3355: $? = 0
configure:3396: result: yes
configure:3413: checking for gcc option to accept ISO C89
configure:3476: gcc  -c -g -O2 -fstack-protector-strong -Wformat -Werror=format-security -Wdate-time -D_FORTIFY_SOURCE=2 conftest.c >&5
configure:3476: $? = 0
configure:3489: result: none needed
configure:3514: checking whether gcc understands -c and -o together
configure:3536: gcc -c conftest.c -o conftest2.o
configure:3539: $? = 0
configure:3536: gcc -c conftest.c -o conftest2.o
configure:3539: $? = 0
configure:3551: result: yes
configure:3574: checking how to run the C preprocessor
configure:3605: gcc -E -Wdate-time -D_FORTIFY_SOURCE=2 conftest.c
configure:3605: $? = 0
configure:3619: gcc -E -Wdate-time -D_FORTIFY_SOURCE=2 conftest.c
conftest.c:9:28: fatal error: ac_nonexistent.h: No such file or directory
compilation terminated.
configure:3619: $? = 1
configure: failed program was:
| /* confdefs.h */
| #define PACKAGE_NAME "v4l-utils"
| #define PACKAGE_TARNAME "v4l-utils"
| #define PACKAGE_VERSION "1.10.0"
| #define PACKAGE_STRING "v4l-utils 1.10.0"
| #define PACKAGE_BUGREPORT ""
| #define PACKAGE_URL ""
| /* end confdefs.h.  */
| #include <ac_nonexistent.h>
configure:3644: result: gcc -E
configure:3664: gcc -E -Wdate-time -D_FORTIFY_SOURCE=2 conftest.c
configure:3664: $? = 0
configure:3678: gcc -E -Wdate-time -D_FORTIFY_SOURCE=2 conftest.c
conftest.c:9:28: fatal error: ac_nonexistent.h: No such file or directory
compilation terminated.
configure:3678: $? = 1
configure: failed program was:
| /* confdefs.h */
| #define PACKAGE_NAME "v4l-utils"
| #define PACKAGE_TARNAME "v4l-utils"
| #define PACKAGE_VERSION "1.10.0"
| #define PACKAGE_STRING "v4l-utils 1.10.0"
| #define PACKAGE_BUGREPORT ""
| #define PACKAGE_URL ""
| /* end confdefs.h.  */
| #include <ac_nonexistent.h>
configure:3707: checking for grep that handles long lines and -e
configure:3765: result: /bin/grep
configure:3770: checking for egrep
configure:3832: result: /bin/grep -E
configure:3837: checking for ANSI C header files
configure:3857: gcc -c -g -O2 -fstack-protector-strong -Wformat -Werror=format-security -Wdate-time -D_FORTIFY_SOURCE=2 conftest.c >&5
configure:3857: $? = 0
configure:3930: gcc -o conftest -g -O2 -fstack-protector-strong -Wformat -Werror=format-security -Wdate-time -D_FORTIFY_SOURCE=2 -Wl,-Bsymbolic-functions -Wl,-z,relro conftest.c  >&5
configure:3930: $? = 0
configure:3930: ./conftest
configure:3930: $? = 0
configure:3941: result: yes
configure:3954: checking for sys/types.h
configure:3954: gcc -c -g -O2 -fstack-protector-strong -Wformat -Werror=format-security -Wdate-time -D_FORTIFY_SOURCE=2 conftest.c >&5
configure:3954: $? = 0
configure:3954: result: yes
configure:3954: checking for sys/stat.h
configure:3954: gcc -c -g -O2 -fstack-protector-strong -Wformat -Werror=format-security -Wdate-time -D_FORTIFY_SOURCE=2 conftest.c >&5
configure:3954: $? = 0
configure:3954: result: yes
configure:3954: checking for stdlib.h
configure:3954: gcc -c -g -O2 -fstack-protector-strong -Wformat -Werror=format-security -Wdate-time -D_FORTIFY_SOURCE=2 conftest.c >&5
configure:3954: $? = 0
configure:3954: result: yes
configure:3954: checking for string.h
configure:3954: gcc -c -g -O2 -fstack-protector-strong -Wformat -Werror=format-security -Wdate-time -D_FORTIFY_SOURCE=2 conftest.c >&5
configure:3954: $? = 0
configure:3954: result: yes
configure:3954: checking for memory.h
configure:3954: gcc -c -g -O2 -fstack-protector-strong -Wformat -Werror=format-security -Wdate-time -D_FORTIFY_SOURCE=2 conftest.c >&5
configure:3954: $? = 0
configure:3954: result: yes
configure:3954: checking for strings.h
configure:3954: gcc -c -g -O2 -fstack-protector-strong -Wformat -Werror=format-security -Wdate-time -D_FORTIFY_SOURCE=2 conftest.c >&5
configure:3954: $? = 0
configure:3954: result: yes
configure:3954: checking for inttypes.h
configure:3954: gcc -c -g -O2 -fstack-protector-strong -Wformat -Werror=format-security -Wdate-time -D_FORTIFY_SOURCE=2 conftest.c >&5
configure:3954: $? = 0
configure:3954: result: yes
configure:3954: checking for stdint.h
configure:3954: gcc -c -g -O2 -fstack-protector-strong -Wformat -Werror=format-security -Wdate-time -D_FORTIFY_SOURCE=2 conftest.c >&5
configure:3954: $? = 0
configure:3954: result: yes
configure:3954: checking for unistd.h
configure:3954: gcc -c -g -O2 -fstack-protector-strong -Wformat -Werror=format-security -Wdate-time -D_FORTIFY_SOURCE=2 conftest.c >&5
configure:3954: $? = 0
configure:3954: result: yes
configure:3967: checking minix/config.h usability
configure:3967: gcc -c -g -O2 -fstack-protector-strong -Wformat -Werror=format-security -Wdate-time -D_FORTIFY_SOURCE=2 conftest.c >&5
conftest.c:52:26: fatal error: minix/config.h: No such file or directory
compilation terminated.
configure:3967: $? = 1
configure: failed program was:
| /* confdefs.h */
| #define PACKAGE_NAME "v4l-utils"
| #define PACKAGE_TARNAME "v4l-utils"
| #define PACKAGE_VERSION "1.10.0"
| #define PACKAGE_STRING "v4l-utils 1.10.0"
| #define PACKAGE_BUGREPORT ""
| #define PACKAGE_URL ""
| #define STDC_HEADERS 1
| #define HAVE_SYS_TYPES_H 1
| #define HAVE_SYS_STAT_H 1
| #define HAVE_STDLIB_H 1
| #define HAVE_STRING_H 1
| #define HAVE_MEMORY_H 1
| #define HAVE_STRINGS_H 1
| #define HAVE_INTTYPES_H 1
| #define HAVE_STDINT_H 1
| #define HAVE_UNISTD_H 1
| /* end confdefs.h.  */
| #include <stdio.h>
| #ifdef HAVE_SYS_TYPES_H
| # include <sys/types.h>
| #endif
| #ifdef HAVE_SYS_STAT_H
| # include <sys/stat.h>
| #endif
| #ifdef STDC_HEADERS
| # include <stdlib.h>
| # include <stddef.h>
| #else
| # ifdef HAVE_STDLIB_H
| #  include <stdlib.h>
| # endif
| #endif
| #ifdef HAVE_STRING_H
| # if !defined STDC_HEADERS && defined HAVE_MEMORY_H
| #  include <memory.h>
| # endif
| # include <string.h>
| #endif
| #ifdef HAVE_STRINGS_H
| # include <strings.h>
| #endif
| #ifdef HAVE_INTTYPES_H
| # include <inttypes.h>
| #endif
| #ifdef HAVE_STDINT_H
| # include <stdint.h>
| #endif
| #ifdef HAVE_UNISTD_H
| # include <unistd.h>
| #endif
| #include <minix/config.h>
configure:3967: result: no
configure:3967: checking minix/config.h presence
configure:3967: gcc -E -Wdate-time -D_FORTIFY_SOURCE=2 conftest.c
conftest.c:19:26: fatal error: minix/config.h: No such file or directory
compilation terminated.
configure:3967: $? = 1
configure: failed program was:
| /* confdefs.h */
| #define PACKAGE_NAME "v4l-utils"
| #define PACKAGE_TARNAME "v4l-utils"
| #define PACKAGE_VERSION "1.10.0"
| #define PACKAGE_STRING "v4l-utils 1.10.0"
| #define PACKAGE_BUGREPORT ""
| #define PACKAGE_URL ""
| #define STDC_HEADERS 1
| #define HAVE_SYS_TYPES_H 1
| #define HAVE_SYS_STAT_H 1
| #define HAVE_STDLIB_H 1
| #define HAVE_STRING_H 1
| #define HAVE_MEMORY_H 1
| #define HAVE_STRINGS_H 1
| #define HAVE_INTTYPES_H 1
| #define HAVE_STDINT_H 1
| #define HAVE_UNISTD_H 1
| /* end confdefs.h.  */
| #include <minix/config.h>
configure:3967: result: no
configure:3967: checking for minix/config.h
configure:3967: result: no
configure:3988: checking whether it is safe to define __EXTENSIONS__
configure:4006: gcc -c -g -O2 -fstack-protector-strong -Wformat -Werror=format-security -Wdate-time -D_FORTIFY_SOURCE=2 conftest.c >&5
configure:4006: $? = 0
configure:4013: result: yes
configure:4045: checking for a BSD-compatible install
configure:4113: result: /usr/bin/install -c
configure:4124: checking whether build environment is sane
configure:4179: result: yes
configure:4327: checking for a thread-safe mkdir -p
configure:4366: result: /bin/mkdir -p
configure:4373: checking for gawk
configure:4403: result: no
configure:4373: checking for mawk
configure:4389: found /usr/bin/mawk
configure:4400: result: mawk
configure:4411: checking whether make sets $(MAKE)
configure:4433: result: yes
configure:4463: checking for style of include used by make
configure:4491: result: GNU
configure:4525: checking whether make supports nested variables
configure:4542: result: yes
configure:4627: checking dependency style of gcc
configure:4738: result: none
configure:4798: checking whether to enable maintainer-specific portions of Makefiles
configure:4807: result: no
configure:4831: checking whether make supports nested variables
configure:4848: result: yes
configure:4919: checking for g++
configure:4935: found /usr/bin/g++
configure:4946: result: g++
configure:4973: checking for C++ compiler version
configure:4982: g++ --version >&5
g++ (Ubuntu/Linaro 5.4.0-6ubuntu1~16.04.9) 5.4.0 20160609
Copyright (C) 2015 Free Software Foundation, Inc.
This is free software; see the source for copying conditions.  There is NO
warranty; not even for MERCHANTABILITY or FITNESS FOR A PARTICULAR PURPOSE.

configure:4993: $? = 0
configure:4982: g++ -v >&5
Using built-in specs.
COLLECT_GCC=g++
COLLECT_LTO_WRAPPER=/usr/lib/gcc/aarch64-linux-gnu/5/lto-wrapper
Target: aarch64-linux-gnu
Configured with: ../src/configure -v --with-pkgversion='Ubuntu/Linaro 5.4.0-6ubuntu1~16.04.9' --with-bugurl=file:///usr/share/doc/gcc-5/README.Bugs --enable-languages=c,ada,c++,java,go,d,fortran,objc,obj-c++ --prefix=/usr --program-suffix=-5 --enable-shared --enable-linker-build-id --libexecdir=/usr/lib --without-included-gettext --enable-threads=posix --libdir=/usr/lib --enable-nls --with-sysroot=/ --enable-clocale=gnu --enable-libstdcxx-debug --enable-libstdcxx-time=yes --with-default-libstdcxx-abi=new --enable-gnu-unique-object --disable-libquadmath --enable-plugin --with-system-zlib --disable-browser-plugin --enable-java-awt=gtk --enable-gtk-cairo --with-java-home=/usr/lib/jvm/java-1.5.0-gcj-5-arm64/jre --enable-java-home --with-jvm-root-dir=/usr/lib/jvm/java-1.5.0-gcj-5-arm64 --with-jvm-jar-dir=/usr/lib/jvm-exports/java-1.5.0-gcj-5-arm64 --with-arch-directory=aarch64 --with-ecj-jar=/usr/share/java/eclipse-ecj.jar --enable-multiarch --enable-fix-cortex-a53-843419 --disable-werror --enable-checking=release --build=aarch64-linux-gnu --host=aarch64-linux-gnu --target=aarch64-linux-gnu
Thread model: posix
gcc version 5.4.0 20160609 (Ubuntu/Linaro 5.4.0-6ubuntu1~16.04.9) 
configure:4993: $? = 0
configure:4982: g++ -V >&5
g++: error: unrecognized command line option '-V'
g++: fatal error: no input files
compilation terminated.
configure:4993: $? = 1
configure:4982: g++ -qversion >&5
g++: error: unrecognized command line option '-qversion'
g++: fatal error: no input files
compilation terminated.
configure:4993: $? = 1
configure:4997: checking whether we are using the GNU C++ compiler
configure:5016: g++ -c -g -O2 -fstack-protector-strong -Wformat -Werror=format-security -Wdate-time -D_FORTIFY_SOURCE=2 conftest.cpp >&5
configure:5016: $? = 0
configure:5025: result: yes
configure:5034: checking whether g++ accepts -g
configure:5054: g++ -c -g -Wdate-time -D_FORTIFY_SOURCE=2 conftest.cpp >&5
configure:5054: $? = 0
configure:5095: result: yes
configure:5120: checking dependency style of g++
configure:5231: result: none
configure:5246: checking for gcc option to accept ISO C99
configure:5395: gcc  -c -g -O2 -fstack-protector-strong -Wformat -Werror=format-security -Wdate-time -D_FORTIFY_SOURCE=2 conftest.c >&5
configure:5395: $? = 0
configure:5408: result: none needed
configure:5453: checking build system type
configure:5467: result: aarch64-unknown-linux-gnu
configure:5487: checking host system type
configure:5500: result: aarch64-unknown-linux-gnu
configure:5541: checking how to print strings
configure:5568: result: printf
configure:5589: checking for a sed that does not truncate output
configure:5653: result: /bin/sed
configure:5671: checking for fgrep
configure:5733: result: /bin/grep -F
configure:5768: checking for ld used by gcc
configure:5835: result: /usr/bin/ld
configure:5842: checking if the linker (/usr/bin/ld) is GNU ld
configure:5857: result: yes
configure:5869: checking for BSD- or MS-compatible name lister (nm)
configure:5923: result: /usr/bin/nm -B
configure:6053: checking the name lister (/usr/bin/nm -B) interface
configure:6060: gcc -c -g -O2 -fstack-protector-strong -Wformat -Werror=format-security -Wdate-time -D_FORTIFY_SOURCE=2 conftest.c >&5
configure:6063: /usr/bin/nm -B "conftest.o"
configure:6066: output
0000000000000000 B some_variable
configure:6073: result: BSD nm
configure:6076: checking whether ln -s works
configure:6080: result: yes
configure:6088: checking the maximum length of command line arguments
configure:6219: result: 1572864
configure:6267: checking how to convert aarch64-unknown-linux-gnu file names to aarch64-unknown-linux-gnu format
configure:6307: result: func_convert_file_noop
configure:6314: checking how to convert aarch64-unknown-linux-gnu file names to toolchain format
configure:6334: result: func_convert_file_noop
configure:6341: checking for /usr/bin/ld option to reload object files
configure:6348: result: -r
configure:6422: checking for objdump
configure:6438: found /usr/bin/objdump
configure:6449: result: objdump
configure:6481: checking how to recognize dependent libraries
configure:6681: result: pass_all
configure:6766: checking for dlltool
configure:6796: result: no
configure:6826: checking how to associate runtime and link libraries
configure:6853: result: printf %s\n
configure:6913: checking for ar
configure:6929: found /usr/bin/ar
configure:6940: result: ar
configure:6977: checking for archiver @FILE support
configure:6994: gcc -c -g -O2 -fstack-protector-strong -Wformat -Werror=format-security -Wdate-time -D_FORTIFY_SOURCE=2 conftest.c >&5
configure:6994: $? = 0
configure:6997: ar cru libconftest.a @conftest.lst >&5
ar: `u' modifier ignored since `D' is the default (see `U')
configure:7000: $? = 0
configure:7005: ar cru libconftest.a @conftest.lst >&5
ar: `u' modifier ignored since `D' is the default (see `U')
ar: conftest.o: No such file or directory
configure:7008: $? = 1
configure:7020: result: @
configure:7078: checking for strip
configure:7094: found /usr/bin/strip
configure:7105: result: strip
configure:7177: checking for ranlib
configure:7193: found /usr/bin/ranlib
configure:7204: result: ranlib
configure:7306: checking command to parse /usr/bin/nm -B output from gcc object
configure:7459: gcc -c -g -O2 -fstack-protector-strong -Wformat -Werror=format-security -Wdate-time -D_FORTIFY_SOURCE=2 conftest.c >&5
configure:7462: $? = 0
configure:7466: /usr/bin/nm -B conftest.o \| sed -n -e 's/^.*[ ]\([ABCDGIRSTW][ABCDGIRSTW]*\)[ ][ ]*\([_A-Za-z][_A-Za-z0-9]*\)$/\1 \2 \2/p' | sed '/ __gnu_lto/d' \> conftest.nm
configure:7469: $? = 0
configure:7535: gcc -o conftest -g -O2 -fstack-protector-strong -Wformat -Werror=format-security -Wdate-time -D_FORTIFY_SOURCE=2 -Wl,-Bsymbolic-functions -Wl,-z,relro conftest.c conftstm.o >&5
configure:7538: $? = 0
configure:7576: result: ok
configure:7623: checking for sysroot
configure:7653: result: no
configure:7660: checking for a working dd
configure:7698: result: /bin/dd
configure:7702: checking how to truncate binary pipes
configure:7717: result: /bin/dd bs=4096 count=1
configure:8046: checking for mt
configure:8062: found /bin/mt
configure:8073: result: mt
configure:8096: checking if mt is a manifest tool
configure:8102: mt '-?'
configure:8110: result: no
configure:8784: checking for dlfcn.h
configure:8784: gcc -c -g -O2 -fstack-protector-strong -Wformat -Werror=format-security -Wdate-time -D_FORTIFY_SOURCE=2 conftest.c >&5
configure:8784: $? = 0
configure:8784: result: yes
configure:9051: checking for objdir
configure:9066: result: .libs
configure:9330: checking if gcc supports -fno-rtti -fno-exceptions
configure:9348: gcc -c -g -O2 -fstack-protector-strong -Wformat -Werror=format-security -Wdate-time -D_FORTIFY_SOURCE=2 -fno-rtti -fno-exceptions conftest.c >&5
cc1: warning: command line option '-fno-rtti' is valid for C++/ObjC++ but not for C
configure:9352: $? = 0
configure:9365: result: no
configure:9723: checking for gcc option to produce PIC
configure:9730: result: -fPIC -DPIC
configure:9738: checking if gcc PIC flag -fPIC -DPIC works
configure:9756: gcc -c -g -O2 -fstack-protector-strong -Wformat -Werror=format-security -Wdate-time -D_FORTIFY_SOURCE=2 -fPIC -DPIC -DPIC conftest.c >&5
configure:9760: $? = 0
configure:9773: result: yes
configure:9802: checking if gcc static flag -static works
configure:9830: result: yes
configure:9845: checking if gcc supports -c -o file.o
configure:9866: gcc -c -g -O2 -fstack-protector-strong -Wformat -Werror=format-security -Wdate-time -D_FORTIFY_SOURCE=2 -o out/conftest2.o conftest.c >&5
configure:9870: $? = 0
configure:9892: result: yes
configure:9900: checking if gcc supports -c -o file.o
configure:9947: result: yes
configure:9980: checking whether the gcc linker (/usr/bin/ld) supports shared libraries
configure:11243: result: yes
configure:11280: checking whether -lc should be explicitly linked in
configure:11288: gcc -c -g -O2 -fstack-protector-strong -Wformat -Werror=format-security -Wdate-time -D_FORTIFY_SOURCE=2 conftest.c >&5
configure:11291: $? = 0
configure:11306: gcc -shared  -fPIC -DPIC conftest.o  -v -Wl,-soname -Wl,conftest -o conftest 2\>\&1 \| /bin/grep  -lc  \>/dev/null 2\>\&1
configure:11309: $? = 0
configure:11323: result: no
configure:11483: checking dynamic linker characteristics
configure:12064: gcc -o conftest -g -O2 -fstack-protector-strong -Wformat -Werror=format-security -Wdate-time -D_FORTIFY_SOURCE=2 -Wl,-Bsymbolic-functions -Wl,-z,relro -Wl,-rpath -Wl,/foo conftest.c  >&5
configure:12064: $? = 0
configure:12313: result: GNU/Linux ld.so
configure:12435: checking how to hardcode library paths into programs
configure:12460: result: immediate
configure:13008: checking whether stripping libraries is possible
configure:13013: result: yes
configure:13048: checking if libtool supports shared libraries
configure:13050: result: yes
configure:13053: checking whether to build shared libraries
configure:13078: result: yes
configure:13081: checking whether to build static libraries
configure:13085: result: yes
configure:13108: checking how to run the C++ preprocessor
configure:13135: g++ -E -Wdate-time -D_FORTIFY_SOURCE=2 conftest.cpp
configure:13135: $? = 0
configure:13149: g++ -E -Wdate-time -D_FORTIFY_SOURCE=2 conftest.cpp
conftest.cpp:28:28: fatal error: ac_nonexistent.h: No such file or directory
compilation terminated.
configure:13149: $? = 1
configure: failed program was:
| /* confdefs.h */
| #define PACKAGE_NAME "v4l-utils"
| #define PACKAGE_TARNAME "v4l-utils"
| #define PACKAGE_VERSION "1.10.0"
| #define PACKAGE_STRING "v4l-utils 1.10.0"
| #define PACKAGE_BUGREPORT ""
| #define PACKAGE_URL ""
| #define STDC_HEADERS 1
| #define HAVE_SYS_TYPES_H 1
| #define HAVE_SYS_STAT_H 1
| #define HAVE_STDLIB_H 1
| #define HAVE_STRING_H 1
| #define HAVE_MEMORY_H 1
| #define HAVE_STRINGS_H 1
| #define HAVE_INTTYPES_H 1
| #define HAVE_STDINT_H 1
| #define HAVE_UNISTD_H 1
| #define __EXTENSIONS__ 1
| #define _ALL_SOURCE 1
| #define _GNU_SOURCE 1
| #define _POSIX_PTHREAD_SEMANTICS 1
| #define _TANDEM_SOURCE 1
| #define PACKAGE "v4l-utils"
| #define VERSION "1.10.0"
| #define HAVE_DLFCN_H 1
| #define LT_OBJDIR ".libs/"
| /* end confdefs.h.  */
| #include <ac_nonexistent.h>
configure:13174: result: g++ -E
configure:13194: g++ -E -Wdate-time -D_FORTIFY_SOURCE=2 conftest.cpp
configure:13194: $? = 0
configure:13208: g++ -E -Wdate-time -D_FORTIFY_SOURCE=2 conftest.cpp
conftest.cpp:28:28: fatal error: ac_nonexistent.h: No such file or directory
compilation terminated.
configure:13208: $? = 1
configure: failed program was:
| /* confdefs.h */
| #define PACKAGE_NAME "v4l-utils"
| #define PACKAGE_TARNAME "v4l-utils"
| #define PACKAGE_VERSION "1.10.0"
| #define PACKAGE_STRING "v4l-utils 1.10.0"
| #define PACKAGE_BUGREPORT ""
| #define PACKAGE_URL ""
| #define STDC_HEADERS 1
| #define HAVE_SYS_TYPES_H 1
| #define HAVE_SYS_STAT_H 1
| #define HAVE_STDLIB_H 1
| #define HAVE_STRING_H 1
| #define HAVE_MEMORY_H 1
| #define HAVE_STRINGS_H 1
| #define HAVE_INTTYPES_H 1
| #define HAVE_STDINT_H 1
| #define HAVE_UNISTD_H 1
| #define __EXTENSIONS__ 1
| #define _ALL_SOURCE 1
| #define _GNU_SOURCE 1
| #define _POSIX_PTHREAD_SEMANTICS 1
| #define _TANDEM_SOURCE 1
| #define PACKAGE "v4l-utils"
| #define VERSION "1.10.0"
| #define HAVE_DLFCN_H 1
| #define LT_OBJDIR ".libs/"
| /* end confdefs.h.  */
| #include <ac_nonexistent.h>
configure:13370: checking for ld used by g++
configure:13437: result: /usr/bin/ld
configure:13444: checking if the linker (/usr/bin/ld) is GNU ld
configure:13459: result: yes
configure:13514: checking whether the g++ linker (/usr/bin/ld) supports shared libraries
configure:14587: result: yes
configure:14623: g++ -c -g -O2 -fstack-protector-strong -Wformat -Werror=format-security -Wdate-time -D_FORTIFY_SOURCE=2 conftest.cpp >&5
configure:14626: $? = 0
configure:15107: checking for g++ option to produce PIC
configure:15114: result: -fPIC -DPIC
configure:15122: checking if g++ PIC flag -fPIC -DPIC works
configure:15140: g++ -c -g -O2 -fstack-protector-strong -Wformat -Werror=format-security -Wdate-time -D_FORTIFY_SOURCE=2 -fPIC -DPIC -DPIC conftest.cpp >&5
configure:15144: $? = 0
configure:15157: result: yes
configure:15180: checking if g++ static flag -static works
configure:15208: result: yes
configure:15220: checking if g++ supports -c -o file.o
configure:15241: g++ -c -g -O2 -fstack-protector-strong -Wformat -Werror=format-security -Wdate-time -D_FORTIFY_SOURCE=2 -o out/conftest2.o conftest.cpp >&5
configure:15245: $? = 0
configure:15267: result: yes
configure:15272: checking if g++ supports -c -o file.o
configure:15319: result: yes
configure:15349: checking whether the g++ linker (/usr/bin/ld) supports shared libraries
configure:15392: result: yes
configure:15533: checking dynamic linker characteristics
configure:16290: result: GNU/Linux ld.so
configure:16355: checking how to hardcode library paths into programs
configure:16380: result: immediate
configure:16442: checking whether ln -s works
configure:16446: result: yes
configure:16507: checking for pkg-config
configure:16525: found /usr/bin/pkg-config
configure:16537: result: /usr/bin/pkg-config
configure:16562: checking pkg-config is at least version 0.9.0
configure:16565: result: yes
configure:16673: checking for doxygen
configure:16691: found /usr/bin/doxygen
configure:16703: result: /usr/bin/doxygen
configure:16779: checking for perl
configure:16797: found /usr/bin/perl
configure:16809: result: /usr/bin/perl
configure:16943: checking for dot
configure:16961: found /usr/bin/dot
configure:16973: result: /usr/bin/dot
configure:18405: checking whether NLS is requested
configure:18414: result: yes
configure:18454: checking for msgfmt
configure: trying /usr/bin/msgfmt...
0 translated messages.
configure:18486: result: /usr/bin/msgfmt
configure:18495: checking for gmsgfmt
configure:18526: result: /usr/bin/msgfmt
configure:18576: checking for xgettext
configure: trying /usr/bin/xgettext...
/usr/bin/xgettext: warning: file '/dev/null' extension '' is unknown; will try C
configure:18608: result: /usr/bin/xgettext
configure:18653: checking for msgmerge
configure: trying /usr/bin/msgmerge...
configure:18684: result: /usr/bin/msgmerge
configure:18742: checking for ld used by gcc
configure:18809: result: /usr/bin/ld
configure:18816: checking if the linker (/usr/bin/ld) is GNU ld
configure:18831: result: yes
configure:18838: checking for shared library run path origin
configure:18851: result: done
configure:19423: checking for CFPreferencesCopyAppValue
configure:19441: gcc -o conftest -g -O2 -fstack-protector-strong -Wformat -Werror=format-security -Wdate-time -D_FORTIFY_SOURCE=2 -Wl,-Bsymbolic-functions -Wl,-z,relro conftest.c  -Wl,-framework -Wl,CoreFoundation >&5
conftest.c:28:42: fatal error: CoreFoundation/CFPreferences.h: No such file or directory
compilation terminated.
configure:19441: $? = 1
configure: failed program was:
| /* confdefs.h */
| #define PACKAGE_NAME "v4l-utils"
| #define PACKAGE_TARNAME "v4l-utils"
| #define PACKAGE_VERSION "1.10.0"
| #define PACKAGE_STRING "v4l-utils 1.10.0"
| #define PACKAGE_BUGREPORT ""
| #define PACKAGE_URL ""
| #define STDC_HEADERS 1
| #define HAVE_SYS_TYPES_H 1
| #define HAVE_SYS_STAT_H 1
| #define HAVE_STDLIB_H 1
| #define HAVE_STRING_H 1
| #define HAVE_MEMORY_H 1
| #define HAVE_STRINGS_H 1
| #define HAVE_INTTYPES_H 1
| #define HAVE_STDINT_H 1
| #define HAVE_UNISTD_H 1
| #define __EXTENSIONS__ 1
| #define _ALL_SOURCE 1
| #define _GNU_SOURCE 1
| #define _POSIX_PTHREAD_SEMANTICS 1
| #define _TANDEM_SOURCE 1
| #define PACKAGE "v4l-utils"
| #define VERSION "1.10.0"
| #define HAVE_DLFCN_H 1
| #define LT_OBJDIR ".libs/"
| /* end confdefs.h.  */
| #include <CoreFoundation/CFPreferences.h>
| int
| main ()
| {
| CFPreferencesCopyAppValue(NULL, NULL)
|   ;
|   return 0;
| }
configure:19450: result: no
configure:19457: checking for CFLocaleCopyCurrent
configure:19475: gcc -o conftest -g -O2 -fstack-protector-strong -Wformat -Werror=format-security -Wdate-time -D_FORTIFY_SOURCE=2 -Wl,-Bsymbolic-functions -Wl,-z,relro conftest.c  -Wl,-framework -Wl,CoreFoundation >&5
conftest.c:28:37: fatal error: CoreFoundation/CFLocale.h: No such file or directory
compilation terminated.
configure:19475: $? = 1
configure: failed program was:
| /* confdefs.h */
| #define PACKAGE_NAME "v4l-utils"
| #define PACKAGE_TARNAME "v4l-utils"
| #define PACKAGE_VERSION "1.10.0"
| #define PACKAGE_STRING "v4l-utils 1.10.0"
| #define PACKAGE_BUGREPORT ""
| #define PACKAGE_URL ""
| #define STDC_HEADERS 1
| #define HAVE_SYS_TYPES_H 1
| #define HAVE_SYS_STAT_H 1
| #define HAVE_STDLIB_H 1
| #define HAVE_STRING_H 1
| #define HAVE_MEMORY_H 1
| #define HAVE_STRINGS_H 1
| #define HAVE_INTTYPES_H 1
| #define HAVE_STDINT_H 1
| #define HAVE_UNISTD_H 1
| #define __EXTENSIONS__ 1
| #define _ALL_SOURCE 1
| #define _GNU_SOURCE 1
| #define _POSIX_PTHREAD_SEMANTICS 1
| #define _TANDEM_SOURCE 1
| #define PACKAGE "v4l-utils"
| #define VERSION "1.10.0"
| #define HAVE_DLFCN_H 1
| #define LT_OBJDIR ".libs/"
| /* end confdefs.h.  */
| #include <CoreFoundation/CFLocale.h>
| int
| main ()
| {
| CFLocaleCopyCurrent();
|   ;
|   return 0;
| }
configure:19484: result: no
configure:19533: checking for GNU gettext in libc
configure:19557: gcc -o conftest -g -O2 -fstack-protector-strong -Wformat -Werror=format-security -Wdate-time -D_FORTIFY_SOURCE=2 -Wl,-Bsymbolic-functions -Wl,-z,relro conftest.c  >&5
configure:19557: $? = 0
configure:19566: result: yes
configure:20403: checking whether to use NLS
configure:20405: result: yes
configure:20408: checking where the gettext function comes from
configure:20419: result: libc
configure:20516: checking for mode_t
configure:20516: gcc -c -g -O2 -fstack-protector-strong -Wformat -Werror=format-security -Wdate-time -D_FORTIFY_SOURCE=2 conftest.c >&5
configure:20516: $? = 0
configure:20516: gcc -c -g -O2 -fstack-protector-strong -Wformat -Werror=format-security -Wdate-time -D_FORTIFY_SOURCE=2 conftest.c >&5
conftest.c: In function 'main':
conftest.c:69:21: error: expected expression before ')' token
 if (sizeof ((mode_t)))
                     ^
configure:20516: $? = 1
configure: failed program was:
| /* confdefs.h */
| #define PACKAGE_NAME "v4l-utils"
| #define PACKAGE_TARNAME "v4l-utils"
| #define PACKAGE_VERSION "1.10.0"
| #define PACKAGE_STRING "v4l-utils 1.10.0"
| #define PACKAGE_BUGREPORT ""
| #define PACKAGE_URL ""
| #define STDC_HEADERS 1
| #define HAVE_SYS_TYPES_H 1
| #define HAVE_SYS_STAT_H 1
| #define HAVE_STDLIB_H 1
| #define HAVE_STRING_H 1
| #define HAVE_MEMORY_H 1
| #define HAVE_STRINGS_H 1
| #define HAVE_INTTYPES_H 1
| #define HAVE_STDINT_H 1
| #define HAVE_UNISTD_H 1
| #define __EXTENSIONS__ 1
| #define _ALL_SOURCE 1
| #define _GNU_SOURCE 1
| #define _POSIX_PTHREAD_SEMANTICS 1
| #define _TANDEM_SOURCE 1
| #define PACKAGE "v4l-utils"
| #define VERSION "1.10.0"
| #define HAVE_DLFCN_H 1
| #define LT_OBJDIR ".libs/"
| #define ENABLE_NLS 1
| #define HAVE_GETTEXT 1
| #define HAVE_DCGETTEXT 1
| #define LIBDVBV5_DOMAIN "libdvbv5"
| #define LOCALEDIR "/usr/share/locale"
| /* end confdefs.h.  */
| #include <stdio.h>
| #ifdef HAVE_SYS_TYPES_H
| # include <sys/types.h>
| #endif
| #ifdef HAVE_SYS_STAT_H
| # include <sys/stat.h>
| #endif
| #ifdef STDC_HEADERS
| # include <stdlib.h>
| # include <stddef.h>
| #else
| # ifdef HAVE_STDLIB_H
| #  include <stdlib.h>
| # endif
| #endif
| #ifdef HAVE_STRING_H
| # if !defined STDC_HEADERS && defined HAVE_MEMORY_H
| #  include <memory.h>
| # endif
| # include <string.h>
| #endif
| #ifdef HAVE_STRINGS_H
| # include <strings.h>
| #endif
| #ifdef HAVE_INTTYPES_H
| # include <inttypes.h>
| #endif
| #ifdef HAVE_STDINT_H
| # include <stdint.h>
| #endif
| #ifdef HAVE_UNISTD_H
| # include <unistd.h>
| #endif
| int
| main ()
| {
| if (sizeof ((mode_t)))
| 	    return 0;
|   ;
|   return 0;
| }
configure:20516: result: yes
configure:20529: checking for promoted mode_t type
configure:20546: gcc -c -g -O2 -fstack-protector-strong -Wformat -Werror=format-security -Wdate-time -D_FORTIFY_SOURCE=2 conftest.c >&5
conftest.c: In function 'main':
conftest.c:37:13: error: size of array 'array' is negative
 typedef int array[2 * (sizeof (mode_t) < sizeof (int)) - 1];
             ^
configure:20546: $? = 1
configure: failed program was:
| /* confdefs.h */
| #define PACKAGE_NAME "v4l-utils"
| #define PACKAGE_TARNAME "v4l-utils"
| #define PACKAGE_VERSION "1.10.0"
| #define PACKAGE_STRING "v4l-utils 1.10.0"
| #define PACKAGE_BUGREPORT ""
| #define PACKAGE_URL ""
| #define STDC_HEADERS 1
| #define HAVE_SYS_TYPES_H 1
| #define HAVE_SYS_STAT_H 1
| #define HAVE_STDLIB_H 1
| #define HAVE_STRING_H 1
| #define HAVE_MEMORY_H 1
| #define HAVE_STRINGS_H 1
| #define HAVE_INTTYPES_H 1
| #define HAVE_STDINT_H 1
| #define HAVE_UNISTD_H 1
| #define __EXTENSIONS__ 1
| #define _ALL_SOURCE 1
| #define _GNU_SOURCE 1
| #define _POSIX_PTHREAD_SEMANTICS 1
| #define _TANDEM_SOURCE 1
| #define PACKAGE "v4l-utils"
| #define VERSION "1.10.0"
| #define HAVE_DLFCN_H 1
| #define LT_OBJDIR ".libs/"
| #define ENABLE_NLS 1
| #define HAVE_GETTEXT 1
| #define HAVE_DCGETTEXT 1
| #define LIBDVBV5_DOMAIN "libdvbv5"
| #define LOCALEDIR "/usr/share/locale"
| /* end confdefs.h.  */
| #include <sys/types.h>
| int
| main ()
| {
| typedef int array[2 * (sizeof (mode_t) < sizeof (int)) - 1];
|   ;
|   return 0;
| }
configure:20554: result: mode_t
configure:20567: checking whether the -Werror option is usable
configure:20586: gcc -c -g -O2 -fstack-protector-strong -Wformat -Werror=format-security -Werror -Wdate-time -D_FORTIFY_SOURCE=2 conftest.c >&5
configure:20586: $? = 0
configure:20595: result: yes
configure:20597: checking for simple visibility declarations
configure:20624: gcc -c -g -O2 -fstack-protector-strong -Wformat -Werror=format-security -fvisibility=hidden -Werror -Wdate-time -D_FORTIFY_SOURCE=2 conftest.c >&5
configure:20624: $? = 0
configure:20633: result: yes
configure:20651: checking sys/klog.h usability
configure:20651: gcc -c -g -O2 -fstack-protector-strong -Wformat -Werror=format-security -Wdate-time -D_FORTIFY_SOURCE=2 conftest.c >&5
configure:20651: $? = 0
configure:20651: result: yes
configure:20651: checking sys/klog.h presence
configure:20651: gcc -E -Wdate-time -D_FORTIFY_SOURCE=2 conftest.c
configure:20651: $? = 0
configure:20651: result: yes
configure:20651: checking for sys/klog.h
configure:20651: result: yes
configure:20663: checking for klogctl
configure:20663: gcc -o conftest -g -O2 -fstack-protector-strong -Wformat -Werror=format-security -Wdate-time -D_FORTIFY_SOURCE=2 -Wl,-Bsymbolic-functions -Wl,-z,relro conftest.c  >&5
configure:20663: $? = 0
configure:20663: result: yes
configure:20673: checking for ioctl with POSIX signature
configure:20690: gcc -c -g -O2 -fstack-protector-strong -Wformat -Werror=format-security -Wdate-time -D_FORTIFY_SOURCE=2 conftest.c >&5
conftest.c: In function 'main':
conftest.c:41:5: error: conflicting types for 'ioctl'
 int ioctl (int, int, ...);
     ^
In file included from conftest.c:37:0:
/usr/include/aarch64-linux-gnu/sys/ioctl.h:41:12: note: previous declaration of 'ioctl' was here
 extern int ioctl (int __fd, unsigned long int __request, ...) __THROW;
            ^
configure:20690: $? = 1
configure: failed program was:
| /* confdefs.h */
| #define PACKAGE_NAME "v4l-utils"
| #define PACKAGE_TARNAME "v4l-utils"
| #define PACKAGE_VERSION "1.10.0"
| #define PACKAGE_STRING "v4l-utils 1.10.0"
| #define PACKAGE_BUGREPORT ""
| #define PACKAGE_URL ""
| #define STDC_HEADERS 1
| #define HAVE_SYS_TYPES_H 1
| #define HAVE_SYS_STAT_H 1
| #define HAVE_STDLIB_H 1
| #define HAVE_STRING_H 1
| #define HAVE_MEMORY_H 1
| #define HAVE_STRINGS_H 1
| #define HAVE_INTTYPES_H 1
| #define HAVE_STDINT_H 1
| #define HAVE_UNISTD_H 1
| #define __EXTENSIONS__ 1
| #define _ALL_SOURCE 1
| #define _GNU_SOURCE 1
| #define _POSIX_PTHREAD_SEMANTICS 1
| #define _TANDEM_SOURCE 1
| #define PACKAGE "v4l-utils"
| #define VERSION "1.10.0"
| #define HAVE_DLFCN_H 1
| #define LT_OBJDIR ".libs/"
| #define ENABLE_NLS 1
| #define HAVE_GETTEXT 1
| #define HAVE_DCGETTEXT 1
| #define LIBDVBV5_DOMAIN "libdvbv5"
| #define LOCALEDIR "/usr/share/locale"
| #define PROMOTED_MODE_T mode_t
| #define HAVE_VISIBILITY 1
| #define HAVE_SYS_KLOG_H 1
| #define HAVE_KLOGCTL 1
| /* end confdefs.h.  */
| #include <sys/ioctl.h>
| int
| main ()
| {
| int ioctl (int, int, ...);
|   ;
|   return 0;
| }
| 
configure:20698: result: no
configure:20709: checking for __secure_getenv
configure:20709: gcc -o conftest -g -O2 -fstack-protector-strong -Wformat -Werror=format-security -Wdate-time -D_FORTIFY_SOURCE=2 -Wl,-Bsymbolic-functions -Wl,-z,relro conftest.c  >&5
/tmp/ccyLnch3.o: In function `main':
/home/nvidia/work/CameraImage/build/v4l-utils-1.10.0/conftest.c:71: undefined reference to `__secure_getenv'
collect2: error: ld returned 1 exit status
configure:20709: $? = 1
configure: failed program was:
| /* confdefs.h */
| #define PACKAGE_NAME "v4l-utils"
| #define PACKAGE_TARNAME "v4l-utils"
| #define PACKAGE_VERSION "1.10.0"
| #define PACKAGE_STRING "v4l-utils 1.10.0"
| #define PACKAGE_BUGREPORT ""
| #define PACKAGE_URL ""
| #define STDC_HEADERS 1
| #define HAVE_SYS_TYPES_H 1
| #define HAVE_SYS_STAT_H 1
| #define HAVE_STDLIB_H 1
| #define HAVE_STRING_H 1
| #define HAVE_MEMORY_H 1
| #define HAVE_STRINGS_H 1
| #define HAVE_INTTYPES_H 1
| #define HAVE_STDINT_H 1
| #define HAVE_UNISTD_H 1
| #define __EXTENSIONS__ 1
| #define _ALL_SOURCE 1
| #define _GNU_SOURCE 1
| #define _POSIX_PTHREAD_SEMANTICS 1
| #define _TANDEM_SOURCE 1
| #define PACKAGE "v4l-utils"
| #define VERSION "1.10.0"
| #define HAVE_DLFCN_H 1
| #define LT_OBJDIR ".libs/"
| #define ENABLE_NLS 1
| #define HAVE_GETTEXT 1
| #define HAVE_DCGETTEXT 1
| #define LIBDVBV5_DOMAIN "libdvbv5"
| #define LOCALEDIR "/usr/share/locale"
| #define PROMOTED_MODE_T mode_t
| #define HAVE_VISIBILITY 1
| #define HAVE_SYS_KLOG_H 1
| #define HAVE_KLOGCTL 1
| /* end confdefs.h.  */
| /* Define __secure_getenv to an innocuous variant, in case <limits.h> declares __secure_getenv.
|    For example, HP-UX 11i <limits.h> declares gettimeofday.  */
| #define __secure_getenv innocuous___secure_getenv
| 
| /* System header to define __stub macros and hopefully few prototypes,
|     which can conflict with char __secure_getenv (); below.
|     Prefer <limits.h> to <assert.h> if __STDC__ is defined, since
|     <limits.h> exists even on freestanding compilers.  */
| 
| #ifdef __STDC__
| # include <limits.h>
| #else
| # include <assert.h>
| #endif
| 
| #undef __secure_getenv
| 
| /* Override any GCC internal prototype to avoid an error.
|    Use char because int might match the return type of a GCC
|    builtin and then its argument prototype would still apply.  */
| #ifdef __cplusplus
| extern "C"
| #endif
| char __secure_getenv ();
| /* The GNU C library defines this for functions which it implements
|     to always fail with ENOSYS.  Some functions are actually named
|     something starting with __ and the normal name is an alias.  */
| #if defined __stub___secure_getenv || defined __stub_____secure_getenv
| choke me
| #endif
| 
| int
| main ()
| {
| return __secure_getenv ();
|   ;
|   return 0;
| }
configure:20709: result: no
configure:20709: checking for secure_getenv
configure:20709: gcc -o conftest -g -O2 -fstack-protector-strong -Wformat -Werror=format-security -Wdate-time -D_FORTIFY_SOURCE=2 -Wl,-Bsymbolic-functions -Wl,-z,relro conftest.c  >&5
configure:20709: $? = 0
configure:20709: result: yes
configure:20739: checking for X11
configure:20746: $PKG_CONFIG --exists --print-errors "x11"
configure:20749: $? = 0
configure:20763: $PKG_CONFIG --exists --print-errors "x11"
configure:20766: $? = 0
configure:20804: result: yes
configure:20822: checking for GL
configure:20829: $PKG_CONFIG --exists --print-errors "gl"
configure:20832: $? = 0
configure:20846: $PKG_CONFIG --exists --print-errors "gl"
configure:20849: $? = 0
configure:20887: result: yes
configure:20906: checking for GLU
configure:20913: $PKG_CONFIG --exists --print-errors "glu"
configure:20916: $? = 0
configure:20930: $PKG_CONFIG --exists --print-errors "glu"
configure:20933: $? = 0
configure:20971: result: yes
configure:20998: checking jpeglib.h usability
configure:20998: gcc -c -g -O2 -fstack-protector-strong -Wformat -Werror=format-security -Wdate-time -D_FORTIFY_SOURCE=2 conftest.c >&5
configure:20998: $? = 0
configure:20998: result: yes
configure:20998: checking jpeglib.h presence
configure:20998: gcc -E -Wdate-time -D_FORTIFY_SOURCE=2 conftest.c
configure:20998: $? = 0
configure:20998: result: yes
configure:20998: checking for jpeglib.h
configure:20998: result: yes
configure:21000: checking for jpeg_read_header in -ljpeg
configure:21025: gcc -o conftest -g -O2 -fstack-protector-strong -Wformat -Werror=format-security -Wdate-time -D_FORTIFY_SOURCE=2 -Wl,-Bsymbolic-functions -Wl,-z,relro conftest.c -ljpeg   >&5
configure:21025: $? = 0
configure:21034: result: yes
configure:21064: checking for QT5
configure:21071: $PKG_CONFIG --exists --print-errors "Qt5Core >= 5.0 Qt5Gui >= 5.0 Qt5Widgets >= 5.0"
Package Qt5Core was not found in the pkg-config search path.
Perhaps you should add the directory containing `Qt5Core.pc'
to the PKG_CONFIG_PATH environment variable
No package 'Qt5Core' found
Package Qt5Gui was not found in the pkg-config search path.
Perhaps you should add the directory containing `Qt5Gui.pc'
to the PKG_CONFIG_PATH environment variable
No package 'Qt5Gui' found
Package Qt5Widgets was not found in the pkg-config search path.
Perhaps you should add the directory containing `Qt5Widgets.pc'
to the PKG_CONFIG_PATH environment variable
No package 'Qt5Widgets' found
configure:21074: $? = 1
configure:21088: $PKG_CONFIG --exists --print-errors "Qt5Core >= 5.0 Qt5Gui >= 5.0 Qt5Widgets >= 5.0"
Package Qt5Core was not found in the pkg-config search path.
Perhaps you should add the directory containing `Qt5Core.pc'
to the PKG_CONFIG_PATH environment variable
No package 'Qt5Core' found
Package Qt5Gui was not found in the pkg-config search path.
Perhaps you should add the directory containing `Qt5Gui.pc'
to the PKG_CONFIG_PATH environment variable
No package 'Qt5Gui' found
Package Qt5Widgets was not found in the pkg-config search path.
Perhaps you should add the directory containing `Qt5Widgets.pc'
to the PKG_CONFIG_PATH environment variable
No package 'Qt5Widgets' found
configure:21091: $? = 1
configure:21105: result: no
No package 'Qt5Core' found
No package 'Qt5Gui' found
No package 'Qt5Widgets' found
configure:21353: checking for QT
configure:21360: $PKG_CONFIG --exists --print-errors "QtCore >= 4.0 QtGui >= 4.0"
configure:21363: $? = 0
configure:21377: $PKG_CONFIG --exists --print-errors "QtCore >= 4.0 QtGui >= 4.0"
configure:21380: $? = 0
configure:21418: result: yes
configure:21434: checking for QTGL
configure:21441: $PKG_CONFIG --exists --print-errors "QtOpenGL >= 4.8 gl"
configure:21444: $? = 0
configure:21458: $PKG_CONFIG --exists --print-errors "QtOpenGL >= 4.8 gl"
configure:21461: $? = 0
configure:21499: result: yes
configure:21520: checking for ALSA
configure:21527: $PKG_CONFIG --exists --print-errors "alsa"
configure:21530: $? = 0
configure:21544: $PKG_CONFIG --exists --print-errors "alsa"
configure:21547: $? = 0
configure:21585: result: yes
configure:21608: checking for libudev
configure:21615: $PKG_CONFIG --exists --print-errors "libudev"
configure:21618: $? = 0
configure:21632: $PKG_CONFIG --exists --print-errors "libudev"
configure:21635: $? = 0
configure:21673: result: yes
configure:21705: checking for library containing dlopen
configure:21736: gcc -o conftest -g -O2 -fstack-protector-strong -Wformat -Werror=format-security -Wdate-time -D_FORTIFY_SOURCE=2 -Wl,-Bsymbolic-functions -Wl,-z,relro conftest.c  >&5
/tmp/ccgM3nFh.o: In function `main':
/home/nvidia/work/CameraImage/build/v4l-utils-1.10.0/conftest.c:53: undefined reference to `dlopen'
collect2: error: ld returned 1 exit status
configure:21736: $? = 1
configure: failed program was:
| /* confdefs.h */
| #define PACKAGE_NAME "v4l-utils"
| #define PACKAGE_TARNAME "v4l-utils"
| #define PACKAGE_VERSION "1.10.0"
| #define PACKAGE_STRING "v4l-utils 1.10.0"
| #define PACKAGE_BUGREPORT ""
| #define PACKAGE_URL ""
| #define STDC_HEADERS 1
| #define HAVE_SYS_TYPES_H 1
| #define HAVE_SYS_STAT_H 1
| #define HAVE_STDLIB_H 1
| #define HAVE_STRING_H 1
| #define HAVE_MEMORY_H 1
| #define HAVE_STRINGS_H 1
| #define HAVE_INTTYPES_H 1
| #define HAVE_STDINT_H 1
| #define HAVE_UNISTD_H 1
| #define __EXTENSIONS__ 1
| #define _ALL_SOURCE 1
| #define _GNU_SOURCE 1
| #define _POSIX_PTHREAD_SEMANTICS 1
| #define _TANDEM_SOURCE 1
| #define PACKAGE "v4l-utils"
| #define VERSION "1.10.0"
| #define HAVE_DLFCN_H 1
| #define LT_OBJDIR ".libs/"
| #define ENABLE_NLS 1
| #define HAVE_GETTEXT 1
| #define HAVE_DCGETTEXT 1
| #define LIBDVBV5_DOMAIN "libdvbv5"
| #define LOCALEDIR "/usr/share/locale"
| #define PROMOTED_MODE_T mode_t
| #define HAVE_VISIBILITY 1
| #define HAVE_SYS_KLOG_H 1
| #define HAVE_KLOGCTL 1
| #define HAVE_SECURE_GETENV 1
| #define HAVE_JPEG 1
| #define HAVE_QTGL 1
| #define HAVE_ALSA 1
| #define HAVE_LIBUDEV /**/
| /* end confdefs.h.  */
| 
| /* Override any GCC internal prototype to avoid an error.
|    Use char because int might match the return type of a GCC
|    builtin and then its argument prototype would still apply.  */
| #ifdef __cplusplus
| extern "C"
| #endif
| char dlopen ();
| int
| main ()
| {
| return dlopen ();
|   ;
|   return 0;
| }
configure:21736: gcc -o conftest -g -O2 -fstack-protector-strong -Wformat -Werror=format-security -Wdate-time -D_FORTIFY_SOURCE=2 -Wl,-Bsymbolic-functions -Wl,-z,relro conftest.c -ldl   >&5
configure:21736: $? = 0
configure:21753: result: -ldl
configure:21766: checking argp.h usability
configure:21766: gcc -c -g -O2 -fstack-protector-strong -Wformat -Werror=format-security -Wdate-time -D_FORTIFY_SOURCE=2 conftest.c >&5
configure:21766: $? = 0
configure:21766: result: yes
configure:21766: checking argp.h presence
configure:21766: gcc -E -Wdate-time -D_FORTIFY_SOURCE=2 conftest.c
configure:21766: $? = 0
configure:21766: result: yes
configure:21766: checking for argp.h
configure:21766: result: yes
configure:21775: checking for library containing argp_parse
configure:21806: gcc -o conftest -g -O2 -fstack-protector-strong -Wformat -Werror=format-security -Wdate-time -D_FORTIFY_SOURCE=2 -Wl,-Bsymbolic-functions -Wl,-z,relro conftest.c  >&5
configure:21806: $? = 0
configure:21823: result: none required
configure:21836: checking linux/i2c-dev.h usability
configure:21836: gcc -c -g -O2 -fstack-protector-strong -Wformat -Werror=format-security -Wdate-time -D_FORTIFY_SOURCE=2 conftest.c >&5
configure:21836: $? = 0
configure:21836: result: yes
configure:21836: checking linux/i2c-dev.h presence
configure:21836: gcc -E -Wdate-time -D_FORTIFY_SOURCE=2 conftest.c
configure:21836: $? = 0
configure:21836: result: yes
configure:21836: checking for linux/i2c-dev.h
configure:21836: result: yes
configure:21883: checking for iconv
configure:21907: gcc -o conftest -g -O2 -fstack-protector-strong -Wformat -Werror=format-security -Wdate-time -D_FORTIFY_SOURCE=2 -Wl,-Bsymbolic-functions -Wl,-z,relro conftest.c  >&5
configure:21907: $? = 0
configure:21941: result: yes
configure:21944: checking for working iconv
configure:22073: gcc -o conftest -g -O2 -fstack-protector-strong -Wformat -Werror=format-security -Wdate-time -D_FORTIFY_SOURCE=2 -Wl,-Bsymbolic-functions -Wl,-z,relro conftest.c  >&5
configure:22073: $? = 0
configure:22073: ./conftest
configure:22073: $? = 0
configure:22085: result: yes
configure:22113: checking for iconv declaration
configure:22142: gcc -c -g -O2 -fstack-protector-strong -Wformat -Werror=format-security -Wdate-time -D_FORTIFY_SOURCE=2 conftest.c >&5
configure:22142: $? = 0
configure:22153: result:
         extern size_t iconv (iconv_t cd, char * *inbuf, size_t *inbytesleft, char * *outbuf, size_t *outbytesleft);
configure:22626: checking that generated files are newer than configure
configure:22632: result: done
configure:22771: creating ./config.status

## ---------------------- ##
## Running config.status. ##
## ---------------------- ##

This file was extended by v4l-utils config.status 1.10.0, which was
generated by GNU Autoconf 2.69.  Invocation command line was

  CONFIG_FILES    = 
  CONFIG_HEADERS  = 
  CONFIG_LINKS    = 
  CONFIG_COMMANDS = 
  $ ./config.status 

on tegra-ubuntu

config.status:1381: creating Makefile
config.status:1381: creating lib/Makefile
config.status:1381: creating lib/libv4lconvert/Makefile
config.status:1381: creating lib/libv4l2/Makefile
config.status:1381: creating lib/libv4l1/Makefile
config.status:1381: creating lib/libdvbv5/Makefile
config.status:1381: creating lib/libv4l2rds/Makefile
config.status:1381: creating lib/libv4l-mplane/Makefile
config.status:1381: creating utils/Makefile
config.status:1381: creating utils/libv4l2util/Makefile
config.status:1381: creating utils/libmedia_dev/Makefile
config.status:1381: creating utils/decode_tm6000/Makefile
config.status:1381: creating utils/dvb/Makefile
config.status:1381: creating utils/keytable/Makefile
config.status:1381: creating utils/cx18-ctl/Makefile
config.status:1381: creating utils/ivtv-ctl/Makefile
config.status:1381: creating utils/media-ctl/Makefile
config.status:1381: creating utils/rds/Makefile
config.status:1381: creating utils/v4l2-compliance/Makefile
config.status:1381: creating utils/v4l2-ctl/Makefile
config.status:1381: creating utils/v4l2-dbg/Makefile
config.status:1381: creating utils/v4l2-sysfs-path/Makefile
config.status:1381: creating utils/xc3028-firmware/Makefile
config.status:1381: creating utils/qv4l2/Makefile
config.status:1381: creating utils/rds-ctl/Makefile
config.status:1381: creating contrib/Makefile
config.status:1381: creating contrib/freebsd/Makefile
config.status:1381: creating contrib/test/Makefile
config.status:1381: creating contrib/gconv/Makefile
config.status:1381: creating contrib/cobalt-ctl/Makefile
config.status:1381: creating v4l-utils-po/Makefile.in
config.status:1381: creating libdvbv5-po/Makefile.in
config.status:1381: creating v4l-utils.spec
config.status:1381: creating lib/libv4lconvert/libv4lconvert.pc
config.status:1381: creating lib/libv4l1/libv4l1.pc
config.status:1381: creating lib/libv4l2/libv4l2.pc
config.status:1381: creating lib/libdvbv5/libdvbv5.pc
config.status:1381: creating lib/libv4l2rds/libv4l2rds.pc
config.status:1381: creating utils/media-ctl/libmediactl.pc
config.status:1381: creating utils/media-ctl/libv4l2subdev.pc
config.status:1381: creating utils/qv4l2/qv4l2.1
config.status:1381: creating utils/v4l2-compliance/v4l2-compliance.1
config.status:1381: creating utils/v4l2-ctl/v4l2-ctl.1
config.status:1381: creating utils/keytable/ir-keytable.1
config.status:1381: creating utils/dvb/dvb-fe-tool.1
config.status:1381: creating utils/dvb/dvbv5-scan.1
config.status:1381: creating utils/dvb/dvb-format-convert.1
config.status:1381: creating utils/dvb/dvbv5-zap.1
config.status:1381: creating config.h
config.status:1610: executing depfiles commands
config.status:1610: executing libtool commands
config.status:1610: executing po-directories commands

## ---------------- ##
## Cache variables. ##
## ---------------- ##

ac_cv_build=aarch64-unknown-linux-gnu
ac_cv_c_compiler_gnu=yes
ac_cv_cxx_compiler_gnu=yes
ac_cv_env_ALSA_CFLAGS_set=
ac_cv_env_ALSA_CFLAGS_value=
ac_cv_env_ALSA_LIBS_set=
ac_cv_env_ALSA_LIBS_value=
ac_cv_env_CCC_set=
ac_cv_env_CCC_value=
ac_cv_env_CC_set=
ac_cv_env_CC_value=
ac_cv_env_CFLAGS_set=set
ac_cv_env_CFLAGS_value='-g -O2 -fstack-protector-strong -Wformat -Werror=format-security'
ac_cv_env_CPPFLAGS_set=set
ac_cv_env_CPPFLAGS_value='-Wdate-time -D_FORTIFY_SOURCE=2'
ac_cv_env_CPP_set=
ac_cv_env_CPP_value=
ac_cv_env_CXXCPP_set=
ac_cv_env_CXXCPP_value=
ac_cv_env_CXXFLAGS_set=set
ac_cv_env_CXXFLAGS_value='-g -O2 -fstack-protector-strong -Wformat -Werror=format-security'
ac_cv_env_CXX_set=
ac_cv_env_CXX_value=
ac_cv_env_DOXYGEN_PAPER_SIZE_set=
ac_cv_env_DOXYGEN_PAPER_SIZE_value=
ac_cv_env_GLU_CFLAGS_set=
ac_cv_env_GLU_CFLAGS_value=
ac_cv_env_GLU_LIBS_set=
ac_cv_env_GLU_LIBS_value=
ac_cv_env_GL_CFLAGS_set=
ac_cv_env_GL_CFLAGS_value=
ac_cv_env_GL_LIBS_set=
ac_cv_env_GL_LIBS_value=
ac_cv_env_LDFLAGS_set=set
ac_cv_env_LDFLAGS_value='-Wl,-Bsymbolic-functions -Wl,-z,relro'
ac_cv_env_LIBS_set=
ac_cv_env_LIBS_value=
ac_cv_env_LT_SYS_LIBRARY_PATH_set=
ac_cv_env_LT_SYS_LIBRARY_PATH_value=
ac_cv_env_PKG_CONFIG_LIBDIR_set=
ac_cv_env_PKG_CONFIG_LIBDIR_value=
ac_cv_env_PKG_CONFIG_PATH_set=
ac_cv_env_PKG_CONFIG_PATH_value=
ac_cv_env_PKG_CONFIG_set=
ac_cv_env_PKG_CONFIG_value=
ac_cv_env_QT5GL_CFLAGS_set=
ac_cv_env_QT5GL_CFLAGS_value=
ac_cv_env_QT5GL_LIBS_set=
ac_cv_env_QT5GL_LIBS_value=
ac_cv_env_QT5_CFLAGS_set=
ac_cv_env_QT5_CFLAGS_value=
ac_cv_env_QT5_LIBS_set=
ac_cv_env_QT5_LIBS_value=
ac_cv_env_QTGL_CFLAGS_set=
ac_cv_env_QTGL_CFLAGS_value=
ac_cv_env_QTGL_LIBS_set=
ac_cv_env_QTGL_LIBS_value=
ac_cv_env_QT_CFLAGS_set=
ac_cv_env_QT_CFLAGS_value=
ac_cv_env_QT_LIBS_set=
ac_cv_env_QT_LIBS_value=
ac_cv_env_X11_CFLAGS_set=
ac_cv_env_X11_CFLAGS_value=
ac_cv_env_X11_LIBS_set=
ac_cv_env_X11_LIBS_value=
ac_cv_env_build_alias_set=set
ac_cv_env_build_alias_value=aarch64-linux-gnu
ac_cv_env_host_alias_set=
ac_cv_env_host_alias_value=
ac_cv_env_libudev_CFLAGS_set=
ac_cv_env_libudev_CFLAGS_value=
ac_cv_env_libudev_LIBS_set=
ac_cv_env_libudev_LIBS_value=
ac_cv_env_target_alias_set=
ac_cv_env_target_alias_value=
ac_cv_func___secure_getenv=no
ac_cv_func_klogctl=yes
ac_cv_func_secure_getenv=yes
ac_cv_header_argp_h=yes
ac_cv_header_dlfcn_h=yes
ac_cv_header_inttypes_h=yes
ac_cv_header_jpeglib_h=yes
ac_cv_header_linux_i2c_dev_h=yes
ac_cv_header_memory_h=yes
ac_cv_header_minix_config_h=no
ac_cv_header_stdc=yes
ac_cv_header_stdint_h=yes
ac_cv_header_stdlib_h=yes
ac_cv_header_string_h=yes
ac_cv_header_strings_h=yes
ac_cv_header_sys_klog_h=yes
ac_cv_header_sys_stat_h=yes
ac_cv_header_sys_types_h=yes
ac_cv_header_unistd_h=yes
ac_cv_host=aarch64-unknown-linux-gnu
ac_cv_lib_jpeg_jpeg_read_header=yes
ac_cv_objext=o
ac_cv_path_EGREP='/bin/grep -E'
ac_cv_path_FGREP='/bin/grep -F'
ac_cv_path_GMSGFMT=/usr/bin/msgfmt
ac_cv_path_GREP=/bin/grep
ac_cv_path_MSGFMT=/usr/bin/msgfmt
ac_cv_path_MSGMERGE=/usr/bin/msgmerge
ac_cv_path_SED=/bin/sed
ac_cv_path_XGETTEXT=/usr/bin/xgettext
ac_cv_path_ac_pt_DX_DOT=/usr/bin/dot
ac_cv_path_ac_pt_DX_DOXYGEN=/usr/bin/doxygen
ac_cv_path_ac_pt_DX_PERL=/usr/bin/perl
ac_cv_path_ac_pt_PKG_CONFIG=/usr/bin/pkg-config
ac_cv_path_install='/usr/bin/install -c'
ac_cv_path_lt_DD=/bin/dd
ac_cv_path_mkdir=/bin/mkdir
ac_cv_prog_AWK=mawk
ac_cv_prog_CPP='gcc -E'
ac_cv_prog_CXXCPP='g++ -E'
ac_cv_prog_ac_ct_AR=ar
ac_cv_prog_ac_ct_CC=gcc
ac_cv_prog_ac_ct_CXX=g++
ac_cv_prog_ac_ct_MANIFEST_TOOL=mt
ac_cv_prog_ac_ct_OBJDUMP=objdump
ac_cv_prog_ac_ct_RANLIB=ranlib
ac_cv_prog_ac_ct_STRIP=strip
ac_cv_prog_cc_c89=
ac_cv_prog_cc_c99=
ac_cv_prog_cc_g=yes
ac_cv_prog_cxx_g=yes
ac_cv_prog_make_make_set=yes
ac_cv_safe_to_define___extensions__=yes
ac_cv_search_argp_parse='none required'
ac_cv_search_dlopen=-ldl
ac_cv_type_mode_t=yes
acl_cv_path_LD=/usr/bin/ld
acl_cv_prog_gnu_ld=yes
acl_cv_rpath=done
am_cv_CC_dependencies_compiler_type=none
am_cv_CXX_dependencies_compiler_type=none
am_cv_func_iconv=yes
am_cv_func_iconv_works=yes
am_cv_lib_iconv=no
am_cv_make_support_nested_variables=yes
am_cv_prog_cc_c_o=yes
am_cv_proto_iconv='extern size_t iconv (iconv_t cd, char * *inbuf, size_t *inbytesleft, char * *outbuf, size_t *outbytesleft);'
am_cv_proto_iconv_arg1=
gl_cv_cc_vis_werror=yes
gl_cv_cc_visibility=yes
gl_cv_func_ioctl_posix_signature=no
gl_cv_promoted_mode_t=mode_t
gt_cv_func_CFLocaleCopyCurrent=no
gt_cv_func_CFPreferencesCopyAppValue=no
gt_cv_func_gnugettext1_libc=yes
lt_cv_ar_at_file=@
lt_cv_archive_cmds_need_lc=no
lt_cv_deplibs_check_method=pass_all
lt_cv_file_magic_cmd='$MAGIC_CMD'
lt_cv_file_magic_test_file=
lt_cv_ld_reload_flag=-r
lt_cv_nm_interface='BSD nm'
lt_cv_objdir=.libs
lt_cv_path_LD=/usr/bin/ld
lt_cv_path_LDCXX=/usr/bin/ld
lt_cv_path_NM='/usr/bin/nm -B'
lt_cv_path_mainfest_tool=no
lt_cv_prog_compiler_c_o=yes
lt_cv_prog_compiler_c_o_CXX=yes
lt_cv_prog_compiler_pic='-fPIC -DPIC'
lt_cv_prog_compiler_pic_CXX='-fPIC -DPIC'
lt_cv_prog_compiler_pic_works=yes
lt_cv_prog_compiler_pic_works_CXX=yes
lt_cv_prog_compiler_rtti_exceptions=no
lt_cv_prog_compiler_static_works=yes
lt_cv_prog_compiler_static_works_CXX=yes
lt_cv_prog_gnu_ld=yes
lt_cv_prog_gnu_ldcxx=yes
lt_cv_sharedlib_from_linklib_cmd='printf %s\n'
lt_cv_shlibpath_overrides_runpath=no
lt_cv_sys_global_symbol_pipe='sed -n -e '\''s/^.*[	 ]\([ABCDGIRSTW][ABCDGIRSTW]*\)[	 ][	 ]*\([_A-Za-z][_A-Za-z0-9]*\)$/\1 \2 \2/p'\'' | sed '\''/ __gnu_lto/d'\'''
lt_cv_sys_global_symbol_to_c_name_address='sed -n -e '\''s/^: \(.*\) .*$/  {"\1", (void *) 0},/p'\'' -e '\''s/^[ABCDGIRSTW][ABCDGIRSTW]* .* \(.*\)$/  {"\1", (void *) \&\1},/p'\'''
lt_cv_sys_global_symbol_to_c_name_address_lib_prefix='sed -n -e '\''s/^: \(.*\) .*$/  {"\1", (void *) 0},/p'\'' -e '\''s/^[ABCDGIRSTW][ABCDGIRSTW]* .* \(lib.*\)$/  {"\1", (void *) \&\1},/p'\'' -e '\''s/^[ABCDGIRSTW][ABCDGIRSTW]* .* \(.*\)$/  {"lib\1", (void *) \&\1},/p'\'''
lt_cv_sys_global_symbol_to_cdecl='sed -n -e '\''s/^T .* \(.*\)$/extern int \1();/p'\'' -e '\''s/^[ABCDGIRSTW][ABCDGIRSTW]* .* \(.*\)$/extern char \1;/p'\'''
lt_cv_sys_global_symbol_to_import=
lt_cv_sys_max_cmd_len=1572864
lt_cv_to_host_file_cmd=func_convert_file_noop
lt_cv_to_tool_file_cmd=func_convert_file_noop
lt_cv_truncate_bin='/bin/dd bs=4096 count=1'
pkg_cv_ALSA_CFLAGS=-I/usr/include/alsa
pkg_cv_ALSA_LIBS=-lasound
pkg_cv_GLU_CFLAGS=-I/usr/include/libdrm
pkg_cv_GLU_LIBS='-lGLU -lGL'
pkg_cv_GL_CFLAGS=-I/usr/include/libdrm
pkg_cv_GL_LIBS=-lGL
pkg_cv_QTGL_CFLAGS='-DQT_SHARED -I/usr/include/qt4 -I/usr/include/qt4/QtOpenGL -I/usr/include/qt4 -I/usr/include/qt4/QtGui -I/usr/include/qt4 -I/usr/include/qt4/QtCore -I/usr/include/libdrm'
pkg_cv_QTGL_LIBS='-lQtOpenGL -lQtGui -lQtCore -lGL'
pkg_cv_QT_CFLAGS='-DQT_SHARED -I/usr/include/qt4 -I/usr/include/qt4/QtGui -I/usr/include/qt4 -I/usr/include/qt4/QtCore'
pkg_cv_QT_LIBS='-lQtGui -lQtCore'
pkg_cv_X11_CFLAGS=
pkg_cv_X11_LIBS=-lX11
pkg_cv_libudev_CFLAGS=
pkg_cv_libudev_LIBS=-ludev

## ----------------- ##
## Output variables. ##
## ----------------- ##

ACLOCAL='${SHELL} /home/nvidia/work/CameraImage/build/v4l-utils-1.10.0/build-aux/missing aclocal-1.15'
ALSA_CFLAGS='-I/usr/include/alsa'
ALSA_LIBS='-lasound'
AMDEPBACKSLASH=''
AMDEP_FALSE=''
AMDEP_TRUE='#'
AMTAR='$${TAR-tar}'
AM_BACKSLASH='\'
AM_DEFAULT_V='$(AM_DEFAULT_VERBOSITY)'
AM_DEFAULT_VERBOSITY='1'
AM_V='$(V)'
AR='ar'
ARGP_LIBS=''
AUTOCONF='${SHELL} /home/nvidia/work/CameraImage/build/v4l-utils-1.10.0/build-aux/missing autoconf'
AUTOHEADER='${SHELL} /home/nvidia/work/CameraImage/build/v4l-utils-1.10.0/build-aux/missing autoheader'
AUTOMAKE='${SHELL} /home/nvidia/work/CameraImage/build/v4l-utils-1.10.0/build-aux/missing automake-1.15'
AWK='mawk'
CC='gcc'
CCDEPMODE='depmode=none'
CFLAGS='-g -O2 -fstack-protector-strong -Wformat -Werror=format-security'
CFLAG_VISIBILITY='-fvisibility=hidden'
CPP='gcc -E'
CPPFLAGS='-I$(top_srcdir)/lib/include -Wall -Wpointer-arith -D_GNU_SOURCE -I$(top_srcdir)/include -Wdate-time -D_FORTIFY_SOURCE=2'
CXX='g++'
CXXCPP='g++ -E'
CXXDEPMODE='depmode=none'
CXXFLAGS='-g -O2 -fstack-protector-strong -Wformat -Werror=format-security'
CYGPATH_W='echo'
DEFS='-DHAVE_CONFIG_H'
DEPDIR='.deps'
DLLTOOL='false'
DLOPEN_LIBS='-ldl'
DOXYGEN_PAPER_SIZE=''
DSYMUTIL=''
DUMPBIN=''
DX_COND_chi_FALSE=''
DX_COND_chi_TRUE='#'
DX_COND_chm_FALSE=''
DX_COND_chm_TRUE='#'
DX_COND_doc_FALSE='#'
DX_COND_doc_TRUE=''
DX_COND_dot_FALSE='#'
DX_COND_dot_TRUE=''
DX_COND_html_FALSE='#'
DX_COND_html_TRUE=''
DX_COND_latex_FALSE=''
DX_COND_latex_TRUE='#'
DX_COND_man_FALSE='#'
DX_COND_man_TRUE=''
DX_COND_pdf_FALSE=''
DX_COND_pdf_TRUE='#'
DX_COND_ps_FALSE=''
DX_COND_ps_TRUE='#'
DX_COND_rtf_FALSE=''
DX_COND_rtf_TRUE='#'
DX_COND_xml_FALSE=''
DX_COND_xml_TRUE='#'
DX_CONFIG='doxygen_libdvbv5.cfg'
DX_DOCDIR='doxygen-doc'
DX_DOT='/usr/bin/dot'
DX_DOXYGEN='/usr/bin/doxygen'
DX_DVIPS=''
DX_EGREP=''
DX_ENV=' SRCDIR='\''.'\'' PROJECT='\''v4l-utils'\'' DOCDIR='\''doxygen-doc'\'' VERSION='\''1.10.0'\'' PERL_PATH='\''/usr/bin/perl'\'' HAVE_DOT='\''YES'\'' DOT_PATH='\''/usr/bin'\'' GENERATE_MAN='\''YES'\'' GENERATE_RTF='\''NO'\'' GENERATE_XML='\''NO'\'' GENERATE_HTMLHELP='\''NO'\'' GENERATE_CHI='\''NO'\'' GENERATE_HTML='\''YES'\'' GENERATE_LATEX='\''NO'\'''
DX_FLAG_chi='0'
DX_FLAG_chm='0'
DX_FLAG_doc='1'
DX_FLAG_dot='1'
DX_FLAG_html='1'
DX_FLAG_man='1'
DX_FLAG_pdf='0'
DX_FLAG_ps='0'
DX_FLAG_rtf='0'
DX_FLAG_xml='0'
DX_HHC=''
DX_LATEX=''
DX_MAKEINDEX=''
DX_PDFLATEX=''
DX_PERL='/usr/bin/perl'
DX_PROJECT='v4l-utils'
ECHO_C=''
ECHO_N='-n'
ECHO_T=''
EGREP='/bin/grep -E'
ENFORCE_LIBDVBV5_STATIC=''
ENFORCE_LIBV4L_STATIC=''
EXEEXT=''
FGREP='/bin/grep -F'
GETTEXT_MACRO_VERSION='0.19'
GLU_CFLAGS='-I/usr/include/libdrm'
GLU_LIBS='-lGLU -lGL'
GL_CFLAGS='-I/usr/include/libdrm'
GL_LIBS='-lGL'
GMSGFMT='/usr/bin/msgfmt'
GMSGFMT_015='/usr/bin/msgfmt'
GREP='/bin/grep'
HAVE_GLU_FALSE='#'
HAVE_GLU_TRUE=''
HAVE_GL_FALSE='#'
HAVE_GL_TRUE=''
HAVE_JPEG_FALSE='#'
HAVE_JPEG_TRUE=''
HAVE_LINUX_I2C_DEV_FALSE='#'
HAVE_LINUX_I2C_DEV_TRUE=''
HAVE_VISIBILITY='1'
HAVE_X11_FALSE='#'
HAVE_X11_TRUE=''
INSTALL_DATA='${INSTALL} -m 644'
INSTALL_PROGRAM='${INSTALL}'
INSTALL_SCRIPT='${INSTALL}'
INSTALL_STRIP_PROGRAM='$(install_sh) -c -s'
INTLLIBS=''
INTL_MACOSX_LIBS=''
IR_KEYTABLE_SYSTEM_DIR='/lib/udev/rc_keymaps'
IR_KEYTABLE_USER_DIR='/etc/rc_keymaps'
JPEG_LIBS='-ljpeg'
LD='/usr/bin/ld'
LDFLAGS='-Wl,-Bsymbolic-functions -Wl,-z,relro'
LIBDVBV5_DOMAIN='libdvbv5'
LIBICONV=''
LIBINTL=''
LIBOBJS=''
LIBS=''
LIBTOOL='$(SHELL) $(top_builddir)/libtool'
LIBUDEV_CFLAGS=''
LIBUDEV_LIBS='-ludev'
LIBV4L1_PRIV_DIR='/usr/lib/aarch64-linux-gnu/libv4l'
LIBV4L2_PLUGIN_DIR='/usr/lib/aarch64-linux-gnu/libv4l/plugins'
LIBV4L2_PRIV_DIR='/usr/lib/aarch64-linux-gnu/libv4l'
LIBV4LCONVERT_PRIV_DIR='/usr/lib/aarch64-linux-gnu/libv4lconvert0'
LINUX_OS_FALSE='#'
LINUX_OS_TRUE=''
LIPO=''
LN_S='ln -s'
LTLIBICONV=''
LTLIBINTL=''
LTLIBOBJS=''
LT_SYS_LIBRARY_PATH=''
MAINT='#'
MAINTAINER_MODE_FALSE=''
MAINTAINER_MODE_TRUE='#'
MAKEINFO='${SHELL} /home/nvidia/work/CameraImage/build/v4l-utils-1.10.0/build-aux/missing makeinfo'
MANIFEST_TOOL=':'
MKDIR_P='/bin/mkdir -p'
MOC='/usr/lib/aarch64-linux-gnu/qt4/bin/moc'
MSGFMT='/usr/bin/msgfmt'
MSGFMT_015='/usr/bin/msgfmt'
MSGMERGE='/usr/bin/msgmerge'
NM='/usr/bin/nm -B'
NMEDIT=''
OBJDUMP='objdump'
OBJEXT='o'
OTOOL64=''
OTOOL=''
PACKAGE='v4l-utils'
PACKAGE_BUGREPORT=''
PACKAGE_NAME='v4l-utils'
PACKAGE_STRING='v4l-utils 1.10.0'
PACKAGE_TARNAME='v4l-utils'
PACKAGE_URL=''
PACKAGE_VERSION='1.10.0'
PATH_SEPARATOR=':'
PKG_CONFIG='/usr/bin/pkg-config'
PKG_CONFIG_LIBDIR=''
PKG_CONFIG_PATH=''
POSUB='po'
QT5GL_CFLAGS=''
QT5GL_LIBS=''
QT5_CFLAGS=''
QT5_LIBS=''
QTGL_CFLAGS='-DQT_SHARED -I/usr/include/qt4 -I/usr/include/qt4/QtOpenGL -I/usr/include/qt4 -I/usr/include/qt4/QtGui -I/usr/include/qt4 -I/usr/include/qt4/QtCore -I/usr/include/libdrm'
QTGL_LIBS='-lQtOpenGL -lQtGui -lQtCore -lGL'
QT_CFLAGS='-DQT_SHARED -I/usr/include/qt4 -I/usr/include/qt4/QtGui -I/usr/include/qt4 -I/usr/include/qt4/QtCore'
QT_LIBS='-lQtGui -lQtCore'
RANLIB='ranlib'
RCC='/usr/lib/aarch64-linux-gnu/qt4/bin/rcc'
SED='/bin/sed'
SET_MAKE=''
SHELL='/bin/bash'
STRIP='strip'
UIC='/usr/lib/aarch64-linux-gnu/qt4/bin/uic'
USE_NLS='yes'
VERSION='1.10.0'
WITH_GCONV_FALSE=''
WITH_GCONV_TRUE='#'
WITH_LIBDVBV5_FALSE='#'
WITH_LIBDVBV5_TRUE=''
WITH_LIBV4L_FALSE='#'
WITH_LIBV4L_TRUE=''
WITH_QTGL_FALSE='#'
WITH_QTGL_TRUE=''
WITH_QV4L2_FALSE='#'
WITH_QV4L2_TRUE=''
WITH_V4L2_COMPLIANCE_LIBV4L_FALSE='#'
WITH_V4L2_COMPLIANCE_LIBV4L_TRUE=''
WITH_V4L2_CTL_LIBV4L_FALSE='#'
WITH_V4L2_CTL_LIBV4L_TRUE=''
WITH_V4LUTILS_FALSE='#'
WITH_V4LUTILS_TRUE=''
WITH_V4L_PLUGINS_FALSE='#'
WITH_V4L_PLUGINS_TRUE=''
WITH_V4L_WRAPPERS_FALSE='#'
WITH_V4L_WRAPPERS_TRUE=''
X11_CFLAGS=''
X11_LIBS='-lX11'
XGETTEXT='/usr/bin/xgettext'
XGETTEXT_015='/usr/bin/xgettext'
XGETTEXT_EXTRA_OPTIONS=''
ac_ct_AR='ar'
ac_ct_CC='gcc'
ac_ct_CXX='g++'
ac_ct_DUMPBIN=''
am__EXEEXT_FALSE=''
am__EXEEXT_TRUE='#'
am__fastdepCC_FALSE=''
am__fastdepCC_TRUE='#'
am__fastdepCXX_FALSE=''
am__fastdepCXX_TRUE='#'
am__include='include'
am__isrc=''
am__leading_dot='.'
am__nodep=''
am__quote=''
am__tar='$${TAR-tar} chof - "$$tardir"'
am__untar='$${TAR-tar} xf -'
bindir='${exec_prefix}/bin'
build='aarch64-unknown-linux-gnu'
build_alias='aarch64-linux-gnu'
build_cpu='aarch64'
build_os='linux-gnu'
build_vendor='unknown'
datadir='${datarootdir}'
datarootdir='${prefix}/share'
docdir='${datarootdir}/doc/${PACKAGE_TARNAME}'
dvidir='${docdir}'
exec_prefix='${prefix}'
gconvsysdir=''
host='aarch64-unknown-linux-gnu'
host_alias=''
host_cpu='aarch64'
host_os='linux-gnu'
host_vendor='unknown'
htmldir='${docdir}'
includedir='${prefix}/include'
infodir='${prefix}/share/info'
install_sh='${SHELL} /home/nvidia/work/CameraImage/build/v4l-utils-1.10.0/build-aux/install-sh'
keytablesystemdir='/lib/udev/rc_keymaps'
keytableuserdir='/etc/rc_keymaps'
libdir='${prefix}/lib/aarch64-linux-gnu'
libexecdir='${prefix}/lib/aarch64-linux-gnu'
libudev_CFLAGS=''
libudev_LIBS='-ludev'
libv4l1privdir='${prefix}/lib/aarch64-linux-gnu/libv4l'
libv4l1subdir='libv4l'
libv4l2plugindir='${prefix}/lib/aarch64-linux-gnu/libv4l/plugins'
libv4l2privdir='${prefix}/lib/aarch64-linux-gnu/libv4l'
libv4l2subdir='libv4l'
libv4lconvertprivdir='${prefix}/lib/aarch64-linux-gnu/libv4lconvert0'
localedir='$(datadir)/locale'
localstatedir='/var'
mandir='${prefix}/share/man'
mkdir_p='$(MKDIR_P)'
oldincludedir='/usr/include'
pdfdir='${docdir}'
pkgconfigdir='${prefix}/lib/aarch64-linux-gnu/pkgconfig'
prefix='/usr'
program_transform_name='s,x,x,'
psdir='${docdir}'
runstatedir='${localstatedir}/run'
sbindir='${exec_prefix}/sbin'
sharedstatedir='${prefix}/com'
sysconfdir='/etc'
target_alias=''
udevrulesdir='/lib/udev/rules.d'

## ----------- ##
## confdefs.h. ##
## ----------- ##

/* confdefs.h */
#define PACKAGE_NAME "v4l-utils"
#define PACKAGE_TARNAME "v4l-utils"
#define PACKAGE_VERSION "1.10.0"
#define PACKAGE_STRING "v4l-utils 1.10.0"
#define PACKAGE_BUGREPORT ""
#define PACKAGE_URL ""
#define STDC_HEADERS 1
#define HAVE_SYS_TYPES_H 1
#define HAVE_SYS_STAT_H 1
#define HAVE_STDLIB_H 1
#define HAVE_STRING_H 1
#define HAVE_MEMORY_H 1
#define HAVE_STRINGS_H 1
#define HAVE_INTTYPES_H 1
#define HAVE_STDINT_H 1
#define HAVE_UNISTD_H 1
#define __EXTENSIONS__ 1
#define _ALL_SOURCE 1
#define _GNU_SOURCE 1
#define _POSIX_PTHREAD_SEMANTICS 1
#define _TANDEM_SOURCE 1
#define PACKAGE "v4l-utils"
#define VERSION "1.10.0"
#define HAVE_DLFCN_H 1
#define LT_OBJDIR ".libs/"
#define ENABLE_NLS 1
#define HAVE_GETTEXT 1
#define HAVE_DCGETTEXT 1
#define LIBDVBV5_DOMAIN "libdvbv5"
#define LOCALEDIR "/usr/share/locale"
#define PROMOTED_MODE_T mode_t
#define HAVE_VISIBILITY 1
#define HAVE_SYS_KLOG_H 1
#define HAVE_KLOGCTL 1
#define HAVE_SECURE_GETENV 1
#define HAVE_JPEG 1
#define HAVE_QTGL 1
#define HAVE_ALSA 1
#define HAVE_LIBUDEV /**/
#define HAVE_ICONV 1
#define ICONV_CONST 
#define V4L_UTILS_VERSION "1.10.0"
#define LIBV4L1_PRIV_DIR "/usr/lib/aarch64-linux-gnu/libv4l"
#define LIBV4L2_PRIV_DIR "/usr/lib/aarch64-linux-gnu/libv4l"
#define LIBV4L2_PLUGIN_DIR "/usr/lib/aarch64-linux-gnu/libv4l/plugins"
#define LIBV4LCONVERT_PRIV_DIR "/usr/lib/aarch64-linux-gnu/libv4lconvert0"
#define IR_KEYTABLE_SYSTEM_DIR "/lib/udev/rc_keymaps"
#define IR_KEYTABLE_USER_DIR "/etc/rc_keymaps"

configure: exit 0
