dh_update_autotools_config
dh_autoreconf
override_dh_auto_configure dh_auto_configure
dh_auto_configure
override_dh_auto_build dh_auto_build
dh_auto_build
dh_auto_test
dh_prep
dh_auto_install
override_dh_install dh_install
dh_install
override_dh_installdocs dh_installdocs
dh_installdocs
override_dh_installchangelogs dh_installchangelogs
dh_installchangelogs
dh_installman
dh_installudev
dh_lintian
dh_icons
dh_perl
dh_link
dh_strip_nondeterminism
dh_compress
dh_fixperms
dh_strip
override_dh_makeshlibs dh_makeshlibs
dh_makeshlibs
