Determining if the pthread_create exist failed with the following output:
Change Dir: /home/nvidia/MultiBaselineStereo/build/CMakeFiles/CMakeTmp

Run Build Command:"/usr/bin/make" "cmTC_074d0/fast"
/usr/bin/make -f CMakeFiles/cmTC_074d0.dir/build.make CMakeFiles/cmTC_074d0.dir/build
make[1]: Entering directory '/home/nvidia/MultiBaselineStereo/build/CMakeFiles/CMakeTmp'
Building C object CMakeFiles/cmTC_074d0.dir/CheckSymbolExists.c.o
/usr/bin/cc     -o CMakeFiles/cmTC_074d0.dir/CheckSymbolExists.c.o   -c /home/nvidia/MultiBaselineStereo/build/CMakeFiles/CMakeTmp/CheckSymbolExists.c
Linking C executable cmTC_074d0
/usr/bin/cmake -E cmake_link_script CMakeFiles/cmTC_074d0.dir/link.txt --verbose=1
/usr/bin/cc       CMakeFiles/cmTC_074d0.dir/CheckSymbolExists.c.o  -o cmTC_074d0 -rdynamic 
CMakeFiles/cmTC_074d0.dir/CheckSymbolExists.c.o: In function `main':
CheckSymbolExists.c:(.text+0x14): undefined reference to `pthread_create'
CheckSymbolExists.c:(.text+0x18): undefined reference to `pthread_create'
collect2: error: ld returned 1 exit status
CMakeFiles/cmTC_074d0.dir/build.make:97: recipe for target 'cmTC_074d0' failed
make[1]: *** [cmTC_074d0] Error 1
make[1]: Leaving directory '/home/nvidia/MultiBaselineStereo/build/CMakeFiles/CMakeTmp'
Makefile:126: recipe for target 'cmTC_074d0/fast' failed
make: *** [cmTC_074d0/fast] Error 2

File /home/nvidia/MultiBaselineStereo/build/CMakeFiles/CMakeTmp/CheckSymbolExists.c:
/* */
#include <pthread.h>

int main(int argc, char** argv)
{
  (void)argv;
#ifndef pthread_create
  return ((int*)(&pthread_create))[argc];
#else
  (void)argc;
  return 0;
#endif
}

Determining if the function pthread_create exists in the pthreads failed with the following output:
Change Dir: /home/nvidia/MultiBaselineStereo/build/CMakeFiles/CMakeTmp

Run Build Command:"/usr/bin/make" "cmTC_35a73/fast"
/usr/bin/make -f CMakeFiles/cmTC_35a73.dir/build.make CMakeFiles/cmTC_35a73.dir/build
make[1]: Entering directory '/home/nvidia/MultiBaselineStereo/build/CMakeFiles/CMakeTmp'
Building C object CMakeFiles/cmTC_35a73.dir/CheckFunctionExists.c.o
/usr/bin/cc    -DCHECK_FUNCTION_EXISTS=pthread_create   -o CMakeFiles/cmTC_35a73.dir/CheckFunctionExists.c.o   -c /usr/share/cmake-3.5/Modules/CheckFunctionExists.c
Linking C executable cmTC_35a73
/usr/bin/cmake -E cmake_link_script CMakeFiles/cmTC_35a73.dir/link.txt --verbose=1
/usr/bin/cc   -DCHECK_FUNCTION_EXISTS=pthread_create    CMakeFiles/cmTC_35a73.dir/CheckFunctionExists.c.o  -o cmTC_35a73 -rdynamic -lpthreads 
/usr/bin/ld: cannot find -lpthreads
collect2: error: ld returned 1 exit status
CMakeFiles/cmTC_35a73.dir/build.make:97: recipe for target 'cmTC_35a73' failed
make[1]: *** [cmTC_35a73] Error 1
make[1]: Leaving directory '/home/nvidia/MultiBaselineStereo/build/CMakeFiles/CMakeTmp'
Makefile:126: recipe for target 'cmTC_35a73/fast' failed
make: *** [cmTC_35a73/fast] Error 2


